# JRE version: Java(TM) SE Runtime Environment (8.0_121-b13) (build 1.8.0_121-b13)
# Java VM: Java HotSpot(TM) 64-Bit Server VM (25.121-b13 mixed mode windows-amd64 compressed oops)
Heap:
 PSYoungGen      total 449024K, used 42351K [0x00000000d5d80000, 0x00000000fd280000, 0x0000000100000000)
  eden space 425472K, 9% used [0x00000000d5d80000,0x00000000d86dbd58,0x00000000efd00000)
  from space 23552K, 0% used [0x00000000efd00000,0x00000000efd00000,0x00000000f1400000)
  to   space 22528K, 0% used [0x00000000fbc80000,0x00000000fbc80000,0x00000000fd280000)
 ParOldGen       total 70656K, used 14756K [0x0000000081800000, 0x0000000085d00000, 0x00000000d5d80000)
  object space 70656K, 20% used [0x0000000081800000,0x00000000826690b0,0x0000000085d00000)
 Metaspace       used 34836K, capacity 35218K, committed 35456K, reserved 1079296K
  class space    used 4604K, capacity 4696K, committed 4736K, reserved 1048576K
GC Heap History (10 events):
Event: 4.010 GC heap before
{Heap before GC invocations=7 (full 1):
 PSYoungGen      total 138240K, used 133120K [0x00000000d5d80000, 0x00000000e7780000, 0x0000000100000000)
  eden space 133120K, 100% used [0x00000000d5d80000,0x00000000ddf80000,0x00000000ddf80000)
  from space 5120K, 0% used [0x00000000ddf80000,0x00000000ddf80000,0x00000000de480000)
  to   space 11264K, 0% used [0x00000000e6c80000,0x00000000e6c80000,0x00000000e7780000)
 ParOldGen       total 52224K, used 6465K [0x0000000081800000, 0x0000000084b00000, 0x00000000d5d80000)
  object space 52224K, 12% used [0x0000000081800000,0x0000000081e505d8,0x0000000084b00000)
 Metaspace       used 21256K, capacity 21590K, committed 21760K, reserved 1069056K
  class space    used 2895K, capacity 2968K, committed 3072K, reserved 1048576K
Event: 4.025 GC heap after
Heap after GC invocations=7 (full 1):
 PSYoungGen      total 252416K, used 11264K [0x00000000d5d80000, 0x00000000e7780000, 0x0000000100000000)
  eden space 241152K, 0% used [0x00000000d5d80000,0x00000000d5d80000,0x00000000e4900000)
  from space 11264K, 100% used [0x00000000e6c80000,0x00000000e7780000,0x00000000e7780000)
  to   space 13312K, 0% used [0x00000000e5d80000,0x00000000e5d80000,0x00000000e6a80000)
 ParOldGen       total 52224K, used 7177K [0x0000000081800000, 0x0000000084b00000, 0x00000000d5d80000)
  object space 52224K, 13% used [0x0000000081800000,0x0000000081f025d8,0x0000000084b00000)
 Metaspace       used 21256K, capacity 21590K, committed 21760K, reserved 1069056K
  class space    used 2895K, capacity 2968K, committed 3072K, reserved 1048576K
}
Event: 5.343 GC heap before
{Heap before GC invocations=8 (full 1):
 PSYoungGen      total 252416K, used 252416K [0x00000000d5d80000, 0x00000000e7780000, 0x0000000100000000)
  eden space 241152K, 100% used [0x00000000d5d80000,0x00000000e4900000,0x00000000e4900000)
  from space 11264K, 100% used [0x00000000e6c80000,0x00000000e7780000,0x00000000e7780000)
  to   space 13312K, 0% used [0x00000000e5d80000,0x00000000e5d80000,0x00000000e6a80000)
 ParOldGen       total 52224K, used 7177K [0x0000000081800000, 0x0000000084b00000, 0x00000000d5d80000)
  object space 52224K, 13% used [0x0000000081800000,0x0000000081f025d8,0x0000000084b00000)
 Metaspace       used 25823K, capacity 26248K, committed 26624K, reserved 1073152K
  class space    used 3404K, capacity 3515K, committed 3584K, reserved 1048576K
Event: 5.364 GC heap after
Heap after GC invocations=8 (full 1):
 PSYoungGen      total 275456K, used 13286K [0x00000000d5d80000, 0x00000000f2680000, 0x0000000100000000)
  eden space 262144K, 0% used [0x00000000d5d80000,0x00000000d5d80000,0x00000000e5d80000)
  from space 13312K, 99% used [0x00000000e5d80000,0x00000000e6a79ab8,0x00000000e6a80000)
  to   space 18944K, 0% used [0x00000000f1400000,0x00000000f1400000,0x00000000f2680000)
 ParOldGen       total 52224K, used 15169K [0x0000000081800000, 0x0000000084b00000, 0x00000000d5d80000)
  object space 52224K, 29% used [0x0000000081800000,0x00000000826d05d8,0x0000000084b00000)
 Metaspace       used 25823K, capacity 26248K, committed 26624K, reserved 1073152K
  class space    used 3404K, capacity 3515K, committed 3584K, reserved 1048576K
}
Event: 10.896 GC heap before
{Heap before GC invocations=9 (full 1):
 PSYoungGen      total 275456K, used 275430K [0x00000000d5d80000, 0x00000000f2680000, 0x0000000100000000)
  eden space 262144K, 100% used [0x00000000d5d80000,0x00000000e5d80000,0x00000000e5d80000)
  from space 13312K, 99% used [0x00000000e5d80000,0x00000000e6a79ab8,0x00000000e6a80000)
  to   space 18944K, 0% used [0x00000000f1400000,0x00000000f1400000,0x00000000f2680000)
 ParOldGen       total 52224K, used 15169K [0x0000000081800000, 0x0000000084b00000, 0x00000000d5d80000)
  object space 52224K, 29% used [0x0000000081800000,0x00000000826d05d8,0x0000000084b00000)
 Metaspace       used 31775K, capacity 32212K, committed 32512K, reserved 1077248K
  class space    used 4198K, capacity 4301K, committed 4352K, reserved 1048576K
Event: 10.921 GC heap after
Heap after GC invocations=9 (full 1):
 PSYoungGen      total 444416K, used 18921K [0x00000000d5d80000, 0x00000000f4880000, 0x0000000100000000)
  eden space 425472K, 0% used [0x00000000d5d80000,0x00000000d5d80000,0x00000000efd00000)
  from space 18944K, 99% used [0x00000000f1400000,0x00000000f267a728,0x00000000f2680000)
  to   space 23552K, 0% used [0x00000000efd00000,0x00000000efd00000,0x00000000f1400000)
 ParOldGen       total 52224K, used 19415K [0x0000000081800000, 0x0000000084b00000, 0x00000000d5d80000)
  object space 52224K, 37% used [0x0000000081800000,0x0000000082af5ea0,0x0000000084b00000)
 Metaspace       used 31775K, capacity 32212K, committed 32512K, reserved 1077248K
  class space    used 4198K, capacity 4301K, committed 4352K, reserved 1048576K
}
Event: 119.628 GC heap before
{Heap before GC invocations=10 (full 1):
 PSYoungGen      total 444416K, used 86497K [0x00000000d5d80000, 0x00000000f4880000, 0x0000000100000000)
  eden space 425472K, 15% used [0x00000000d5d80000,0x00000000d9f7de08,0x00000000efd00000)
  from space 18944K, 99% used [0x00000000f1400000,0x00000000f267a728,0x00000000f2680000)
  to   space 23552K, 0% used [0x00000000efd00000,0x00000000efd00000,0x00000000f1400000)
 ParOldGen       total 52224K, used 19415K [0x0000000081800000, 0x0000000084b00000, 0x00000000d5d80000)
  object space 52224K, 37% used [0x0000000081800000,0x0000000082af5ea0,0x0000000084b00000)
 Metaspace       used 34815K, capacity 35212K, committed 35456K, reserved 1079296K
  class space    used 4602K, capacity 4695K, committed 4736K, reserved 1048576K
Event: 119.638 GC heap after
Heap after GC invocations=10 (full 1):
 PSYoungGen      total 449024K, used 9313K [0x00000000d5d80000, 0x00000000fd280000, 0x0000000100000000)
  eden space 425472K, 0% used [0x00000000d5d80000,0x00000000d5d80000,0x00000000efd00000)
  from space 23552K, 39% used [0x00000000efd00000,0x00000000f06185d0,0x00000000f1400000)
  to   space 22528K, 0% used [0x00000000fbc80000,0x00000000fbc80000,0x00000000fd280000)
 ParOldGen       total 52224K, used 19719K [0x0000000081800000, 0x0000000084b00000, 0x00000000d5d80000)
  object space 52224K, 37% used [0x0000000081800000,0x0000000082b41ec0,0x0000000084b00000)
 Metaspace       used 34815K, capacity 35212K, committed 35456K, reserved 1079296K
  class space    used 4602K, capacity 4695K, committed 4736K, reserved 1048576K
}
Event: 119.638 GC heap before
{Heap before GC invocations=11 (full 2):
 PSYoungGen      total 449024K, used 9313K [0x00000000d5d80000, 0x00000000fd280000, 0x0000000100000000)
  eden space 425472K, 0% used [0x00000000d5d80000,0x00000000d5d80000,0x00000000efd00000)
  from space 23552K, 39% used [0x00000000efd00000,0x00000000f06185d0,0x00000000f1400000)
  to   space 22528K, 0% used [0x00000000fbc80000,0x00000000fbc80000,0x00000000fd280000)
 ParOldGen       total 52224K, used 19719K [0x0000000081800000, 0x0000000084b00000, 0x00000000d5d80000)
  object space 52224K, 37% used [0x0000000081800000,0x0000000082b41ec0,0x0000000084b00000)
 Metaspace       used 34815K, capacity 35212K, committed 35456K, reserved 1079296K
  class space    used 4602K, capacity 4695K, committed 4736K, reserved 1048576K
Event: 119.684 GC heap after
Heap after GC invocations=11 (full 2):
 PSYoungGen      total 449024K, used 0K [0x00000000d5d80000, 0x00000000fd280000, 0x0000000100000000)
  eden space 425472K, 0% used [0x00000000d5d80000,0x00000000d5d80000,0x00000000efd00000)
  from space 23552K, 0% used [0x00000000efd00000,0x00000000efd00000,0x00000000f1400000)
  to   space 22528K, 0% used [0x00000000fbc80000,0x00000000fbc80000,0x00000000fd280000)
 ParOldGen       total 70656K, used 14756K [0x0000000081800000, 0x0000000085d00000, 0x00000000d5d80000)
  object space 70656K, 20% used [0x0000000081800000,0x00000000826690b0,0x0000000085d00000)
 Metaspace       used 34815K, capacity 35212K, committed 35456K, reserved 1079296K
  class space    used 4602K, capacity 4695K, committed 4736K, reserved 1048576K
}

